         ps       /mp1_tb/mem_address                /mp1_tb/mem_wdata       
          delta                /mp1_tb/mem_write                             
                                    /mp1_tb/mem_byte_enable                  
          0  +0                  xxxx          x          x       xxxx 
          0  +1                  0000          0          3       0000 
    3195000  +6                  00f4          1          3       01e0 
    3425000  +4                  00f4          0          3       01e0 
    5285000  +6                  00f6          1          3       000a 
    5515000  +4                  00f6          0          3       000a 
    6575000  +6                  00f8          1          3       4537 
    6805000  +4                  00f8          0          3       4537 
   10285000  +6                  00fa          1          3       a342 
   10515000  +4                  00fa          0          3       a342 
   10795000  +6                  00fc          1          3       01a1 
   11025000  +4                  00fc          0          3       01a1 
   11305000  +6                  00fe          1          3       fe62 
   11535000  +4                  00fe          0          3       fe62 
   12085000  +6                  0102          1          3       0100 
   12315000  +4                  0102          0          3       0100 
   13115000  +6                  0100          1          3       fe6f 
   13345000  +4                  0100          0          3       fe6f 
   21615000  +6                  0102          1          3       001a 
   21845000  +4                  0102          0          3       001a 
   23455000  +6                  0104          1          3       ff9b 
   23685000  +4                  0104          0          3       ff9b 
   24785000  +6                  0106          1          3       000d 
   25015000  +4                  0106          0          3       000d 
   27365000  +6                  0108          1          3       517a 
   27595000  +4                  0108          0          3       517a 
   29725000  +6                  010a          1          3       ae85 
   29955000  +4                  010a          0          3       ae85 
   31065000  +6                  010d          1          2       0090 
   31295000  +4                  010d          0          3       0090 
   31575000  +6                  010c          1          1       adfe 
   31805000  +4                  010c          0          3       adfe 
   32595000  +6                  010a          1          3       adfe 
   32825000  +4                  010a          0          3       adfe 
   33375000  +6                  0110          1          3       00f2 
   33605000  +4                  0110          0          3       00f2 
   34635000  +6                  010e          1          3       0646 
   34865000  +4                  010e          0          3       0646 
   36485000  +6                  00a2          1          3       126c 
   36715000  +4                  00a2          0          3       126c 
   37275000  +6                  0112          1          3       000c 
   37505000  +4                  0112          0          3       000c 
   38845000  +6                  0114          1          3       ae85 
   39075000  +4                  0114          0          3       ae85 
   42255000  +6                  0116          1          3       600d 
   42485000  +4                  0116          0          3       600d 
   43865000  +6                  0118          1          3       00d8 
   44095000  +4                  0118          0          3       00d8 
